<?xml version="1.0" encoding="UTF-8"?>
<!-- Generated by org.testng.reporters.JUnitXMLReporter -->
<testsuite ignored="0" hostname="DESKTOP-MGQ1S8O" failures="0" tests="1" name="Test-Runner-chrome" time="44.615" errors="0" timestamp="2023-06-03T09:35:03 IST">
  <testcase classname="vtiger.ContactsTests.CreateContactWithOrganizationTest01" name="createContactWithOrgTest" time="29.989"/>
</testsuite> <!-- Test-Runner-chrome -->
