<?xml version="1.0" encoding="UTF-8"?>
<!-- Generated by org.testng.reporters.JUnitXMLReporter -->
<testsuite ignored="0" hostname="DESKTOP-MGQ1S8O" failures="0" tests="1" name="Test-Runner-chrome2" time="29.307" errors="0" timestamp="2023-06-07T17:37:55 IST">
  <testcase classname="vtiger.ContactsTests.CreateContactWithOrganizationTest01" name="createContactWithOrgTest" time="19.778"/>
</testsuite> <!-- Test-Runner-chrome2 -->
