<?xml version="1.0" encoding="UTF-8"?>
<!-- Generated by org.testng.reporters.JUnitXMLReporter -->
<testsuite ignored="0" hostname="DESKTOP-MGQ1S8O" failures="0" tests="1" name="Test-Runner-1" time="29.148" errors="0" timestamp="2023-08-11T16:14:55 IST">
  <testcase classname="vtiger.ContactsTests.CreateContactWithOrganizationTest01" name="createContactWithOrgTest" time="18.726"/>
</testsuite> <!-- Test-Runner-1 -->
