<?xml version="1.0" encoding="UTF-8"?>
<!-- Generated by org.testng.reporters.JUnitXMLReporter -->
<testsuite ignored="0" hostname="DESKTOP-MGQ1S8O" failures="0" tests="1" name="Test-Runner-chrome1" time="30.253" errors="0" timestamp="2023-06-07T17:37:56 IST">
  <testcase classname="vtiger.ContactsTests.CreateContactWithOrganizationTest01" name="createContactWithOrgTest" time="19.589"/>
</testsuite> <!-- Test-Runner-chrome1 -->
