<?xml version="1.0" encoding="UTF-8"?>
<!-- Generated by org.testng.reporters.JUnitXMLReporter -->
<testsuite ignored="0" hostname="DESKTOP-MGQ1S8O" failures="0" tests="2" name="Test-Runner-2" time="27.159" errors="0" timestamp="2023-08-11T16:14:54 IST">
  <testcase classname="vtiger.OrganizationsTests.CreateOrgWithIndustryTest" name="createOrgWithIndTest" time="8.605"/>
  <testcase classname="vtiger.OrganizationsTests.CreateOrgWithIndustryTest" name="demo" time="0.002"/>
</testsuite> <!-- Test-Runner-2 -->
