<?xml version="1.0" encoding="UTF-8"?>
<!-- Generated by org.testng.reporters.JUnitReportReporter -->
<testsuite hostname="DESKTOP-MGQ1S8O" failures="0" tests="2" name="vtiger.ContactsTests.CreateContactWithOrganizationTest01" time="49.168" errors="0" timestamp="2023-06-07T17:37:56 IST" skipped="0">
  <testcase classname="vtiger.ContactsTests.CreateContactWithOrganizationTest01" name="createContactWithOrgTest" time="24.493"/>
  <system-out/>
  <testcase classname="vtiger.ContactsTests.CreateContactWithOrganizationTest01" name="createContactWithOrgTest" time="24.675"/>
  <system-out/>
</testsuite> <!-- vtiger.ContactsTests.CreateContactWithOrganizationTest01 -->
