<?xml version="1.0" encoding="UTF-8"?>
<!-- Generated by org.testng.reporters.JUnitReportReporter -->
<testsuite hostname="DESKTOP-MGQ1S8O" failures="0" tests="4" name="vtiger.Practice.DataProviderPractice" time="0.026" errors="0" timestamp="2023-05-29T20:10:39 IST" skipped="0">
  <testcase classname="vtiger.Practice.DataProviderPractice" name="sampleDataTest" time="0.012"/>
  <system-out/>
  <testcase classname="vtiger.Practice.DataProviderPractice" name="sampleDataTest" time="0.002"/>
  <system-out/>
  <testcase classname="vtiger.Practice.DataProviderPractice" name="sampleDataTest" time="0.009"/>
  <system-out/>
  <testcase classname="vtiger.Practice.DataProviderPractice" name="sampleDataTest" time="0.003"/>
  <system-out/>
</testsuite> <!-- vtiger.Practice.DataProviderPractice -->
